<?xml version="1.0" encoding="UTF-8"?>
<coverage generated="1631843838790" clover="3.2.0">
  <project timestamp="1631843838790" name="All files">
    <metrics statements="12" coveredstatements="12" conditionals="10" coveredconditionals="10" methods="1" coveredmethods="1" elements="23" coveredelements="23" complexity="0" loc="12" ncloc="12" packages="1" files="1" classes="1"/>
    <file name="VowelCounter.js" path="C:\Users\nel23\Desktop\INTEC\Tendencias de Desarrollo de Aplicaciones\Tareas\npm Library\VowelCounter.js">
      <metrics statements="12" coveredstatements="12" conditionals="10" coveredconditionals="10" methods="1" coveredmethods="1"/>
      <line num="1" count="1" type="stmt"/>
      <line num="3" count="6" type="stmt"/>
      <line num="5" count="6" type="cond" truecount="4" falsecount="0"/>
      <line num="6" count="1" type="stmt"/>
      <line num="9" count="5" type="cond" truecount="4" falsecount="0"/>
      <line num="10" count="2" type="stmt"/>
      <line num="13" count="3" type="stmt"/>
      <line num="15" count="3" type="stmt"/>
      <line num="16" count="66" type="cond" truecount="2" falsecount="0"/>
      <line num="17" count="25" type="stmt"/>
      <line num="20" count="3" type="stmt"/>
      <line num="25" count="1" type="stmt"/>
    </file>
  </project>
</coverage>
