{"C:\\Users\\nel23\\Desktop\\INTEC\\Tendencias de Desarrollo de Aplicaciones\\Tareas\\npm Library\\VowelCounter.js": {"path":"C:\\Users\\nel23\\Desktop\\INTEC\\Tendencias de Desarrollo de Aplicaciones\\Tareas\\npm Library\\VowelCounter.js","statementMap":{"0":{"start":{"line":1,"column":22},"end":{"line":21,"column":1}},"1":{"start":{"line":3,"column":22},"end":{"line":3,"column":23}},"2":{"start":{"line":5,"column":4},"end":{"line":7,"column":5}},"3":{"start":{"line":6,"column":8},"end":{"line":6,"column":41}},"4":{"start":{"line":9,"column":4},"end":{"line":11,"column":5}},"5":{"start":{"line":10,"column":8},"end":{"line":10,"column":31}},"6":{"start":{"line":13,"column":17},"end":{"line":13,"column":42}},"7":{"start":{"line":15,"column":4},"end":{"line":19,"column":5}},"8":{"start":{"line":16,"column":8},"end":{"line":18,"column":9}},"9":{"start":{"line":17,"column":12},"end":{"line":17,"column":26}},"10":{"start":{"line":20,"column":4},"end":{"line":20,"column":24}},"11":{"start":{"line":25,"column":0},"end":{"line":25,"column":31}}},"fnMap":{"0":{"name":"(anonymous_0)","decl":{"start":{"line":1,"column":22},"end":{"line":1,"column":23}},"loc":{"start":{"line":1,"column":32},"end":{"line":21,"column":1}},"line":1}},"branchMap":{"0":{"loc":{"start":{"line":5,"column":4},"end":{"line":7,"column":5}},"type":"if","locations":[{"start":{"line":5,"column":4},"end":{"line":7,"column":5}},{"start":{"line":5,"column":4},"end":{"line":7,"column":5}}],"line":5},"1":{"loc":{"start":{"line":5,"column":7},"end":{"line":5,"column":28}},"type":"binary-expr","locations":[{"start":{"line":5,"column":7},"end":{"line":5,"column":19}},{"start":{"line":5,"column":23},"end":{"line":5,"column":28}}],"line":5},"2":{"loc":{"start":{"line":9,"column":4},"end":{"line":11,"column":5}},"type":"if","locations":[{"start":{"line":9,"column":4},"end":{"line":11,"column":5}},{"start":{"line":9,"column":4},"end":{"line":11,"column":5}}],"line":9},"3":{"loc":{"start":{"line":9,"column":7},"end":{"line":9,"column":33}},"type":"binary-expr","locations":[{"start":{"line":9,"column":7},"end":{"line":9,"column":17}},{"start":{"line":9,"column":21},"end":{"line":9,"column":33}}],"line":9},"4":{"loc":{"start":{"line":16,"column":8},"end":{"line":18,"column":9}},"type":"if","locations":[{"start":{"line":16,"column":8},"end":{"line":18,"column":9}},{"start":{"line":16,"column":8},"end":{"line":18,"column":9}}],"line":16}},"s":{"0":1,"1":6,"2":6,"3":1,"4":5,"5":2,"6":3,"7":3,"8":66,"9":25,"10":3,"11":1},"f":{"0":6},"b":{"0":[1,5],"1":[6,5],"2":[2,3],"3":[5,5],"4":[25,41]},"_coverageSchema":"1a1c01bbd47fc00a2c39e90264f33305004495a9","hash":"67c8ba542521c02eda60a5dfe5bd29f308e07ce6"}
}
